<?xml version="1.0" encoding="UTF-8"?>
<!-- Generated by org.testng.reporters.JUnitReportReporter -->
<testsuite hostname="MacBook-Air-Ana-Maria.local" failures="0" tests="1" name="Homework.Homework16" time="5.333" errors="0" timestamp="2023-08-21T21:38:42 EEST" skipped="0">
  <testcase classname="Homework.Homework16" name="contactUs" time="5.333"/>
</testsuite> <!-- Homework.Homework16 -->
