<?xml version="1.0" encoding="UTF-8"?>
<!-- Generated by org.testng.reporters.JUnitReportReporter -->
<testsuite hostname="MacBook-Air-Ana-Maria.local" failures="0" tests="2" name="Homework.Homework17" time="2.873" errors="0" timestamp="2023-09-02T22:45:43 EEST" skipped="0">
  <testcase classname="Homework.Homework17" name="singleAuthorPage" time="1.247"/>
  <testcase classname="Homework.Homework17" name="searchBook" time="1.626"/>
</testsuite> <!-- Homework.Homework17 -->
