<?xml version="1.0" encoding="UTF-8"?>
<!-- Generated by org.testng.reporters.JUnitReportReporter -->
<testsuite hostname="MacBook-Air-Ana-Maria.local" failures="0" tests="1" name="Homework.Homework16Part2" time="8.858" errors="0" timestamp="2023-08-21T22:14:40 EEST" skipped="0">
  <testcase classname="Homework.Homework16Part2" name="writeReview" time="8.858"/>
</testsuite> <!-- Homework.Homework16Part2 -->
