<?xml version="1.0" encoding="UTF-8"?>
<!-- Generated by org.testng.reporters.JUnitReportReporter -->
<testsuite hostname="Dragoss-Air" failures="0" tests="1" name="curs12.SeleniumTest" time="10.398" errors="0" timestamp="2023-06-23T16:33:37 EEST" skipped="0">
  <testcase classname="curs12.SeleniumTest" name="openBrowser" time="10.398"/>
  <system-out/>
</testsuite> <!-- curs12.SeleniumTest -->
