<?xml version="1.0" encoding="UTF-8"?>
<!-- Generated by org.testng.reporters.JUnitReportReporter -->
<testsuite hostname="Dragoss-Air" failures="0" tests="3" name="curs13.TestAnnotations" time="0.010" errors="0" timestamp="2023-06-23T16:37:44 EEST" skipped="0">
  <testcase classname="curs13.TestAnnotations" name="test3" time="0.001"/>
  <system-out/>
  <testcase classname="curs13.TestAnnotations" name="test2" time="0.001"/>
  <system-out/>
  <testcase classname="curs13.TestAnnotations" name="test1" time="0.008"/>
  <system-out/>
</testsuite> <!-- curs13.TestAnnotations -->
