<?xml version="1.0" encoding="UTF-8"?>
<!-- Generated by org.testng.reporters.JUnitReportReporter -->
<testsuite hostname="Dragoss-Air" failures="0" tests="5" name="curs13.TestPriority" time="0.016" errors="0" timestamp="2023-06-23T16:48:31 EEST" skipped="0">
  <testcase classname="curs13.TestPriority" name="four" time="0.001"/>
  <system-out/>
  <testcase classname="curs13.TestPriority" name="five" time="0.010"/>
  <system-out/>
  <testcase classname="curs13.TestPriority" name="one" time="0.001"/>
  <system-out/>
  <testcase classname="curs13.TestPriority" name="two" time="0.002"/>
  <system-out/>
  <testcase classname="curs13.TestPriority" name="three" time="0.002"/>
  <system-out/>
</testsuite> <!-- curs13.TestPriority -->
